2014-10-09T20:36:05.469Z - info: Initialisation du serveur
2014-10-09T20:36:05.500Z - info: require('./app\routes\categorie.js')
2014-10-09T20:36:05.515Z - info: require('./app\routes\club.js')
2014-10-09T20:36:05.531Z - info: require('./app\routes\equipe.js')
2014-10-09T20:36:05.547Z - info: require('./app\routes\membre.js')
2014-10-09T20:36:05.562Z - info: require('./app\routes\type_membre.js')
2014-10-09T20:36:05.578Z - info: Serveur démarré sur le port 8080
2014-10-09T20:36:06.841Z - error: uncaughtException: failed to connect to [localhost:27017] date=Thu Oct 09 2014 22:36:06 GMT+0200 (Paris, Madrid (heure d’été)), pid=14856, uid=null, gid=null, cwd=D:\Perso\MCW\MCW_API, execPath=C:\Program Files\nodejs\node.exe, version=v0.10.32, argv=[node, D:\Perso\MCW\MCW_API\server.js], rss=35786752, heapTotal=28055552, heapUsed=16858536, loadavg=[0, 0, 0], uptime=204508.3154476, trace=[column=74, file=D:\Perso\MCW\MCW_API\node_modules\mongoose\node_modules\mongodb\lib\mongodb\connection\server.js, function=, line=540, method=null, native=false, column=17, file=events.js, function=emit, line=106, method=null, native=false, column=15, file=D:\Perso\MCW\MCW_API\node_modules\mongoose\node_modules\mongodb\lib\mongodb\connection\connection_pool.js, function=, line=140, method=null, native=false, column=17, file=events.js, function=emit, line=98, method=null, native=false, column=10, file=D:\Perso\MCW\MCW_API\node_modules\mongoose\node_modules\mongodb\lib\mongodb\connection\connection.js, function=, line=478, method=null, native=false, column=17, file=events.js, function=Socket.emit, line=95, method=emit, native=false, column=14, file=net.js, function=null, line=440, method=null, native=false, column=13, file=node.js, function=process._tickCallback, line=419, method=_tickCallback, native=false], stack=[Error: failed to connect to [localhost:27017],     at null.<anonymous> (D:\Perso\MCW\MCW_API\node_modules\mongoose\node_modules\mongodb\lib\mongodb\connection\server.js:540:74),     at emit (events.js:106:17),     at null.<anonymous> (D:\Perso\MCW\MCW_API\node_modules\mongoose\node_modules\mongodb\lib\mongodb\connection\connection_pool.js:140:15),     at emit (events.js:98:17),     at Socket.<anonymous> (D:\Perso\MCW\MCW_API\node_modules\mongoose\node_modules\mongodb\lib\mongodb\connection\connection.js:478:10),     at Socket.emit (events.js:95:17),     at net.js:440:14,     at process._tickCallback (node.js:419:13)]
2014-10-09T20:39:14.608Z - info: Initialisation du serveur
2014-10-09T20:39:14.635Z - info: require('./app\routes\categorie.js')
2014-10-09T20:39:14.648Z - info: require('./app\routes\club.js')
2014-10-09T20:39:14.662Z - info: require('./app\routes\equipe.js')
2014-10-09T20:39:14.672Z - info: require('./app\routes\membre.js')
2014-10-09T20:39:14.681Z - info: require('./app\routes\type_membre.js')
2014-10-09T20:39:14.699Z - info: Serveur démarré sur le port 8080
2014-10-14T11:52:00.457Z - info: Initialisation du serveur
2014-10-14T11:52:00.497Z - info: require('./app\routes\categorie.js')
2014-10-14T11:52:00.507Z - info: require('./app\routes\club.js')
2014-10-14T11:52:00.527Z - info: require('./app\routes\equipe.js')
2014-10-14T11:52:00.827Z - error: uncaughtException: Route.get() requires callback functions but got a [object Undefined] date=Tue Oct 14 2014 13:52:00 GMT+0200 (Paris, Madrid (heure d’été)), pid=10116, uid=null, gid=null, cwd=D:\Perso\MCW\MCW_API, execPath=C:\Program Files\nodejs\node.exe, version=v0.10.32, argv=[node, D:\Perso\MCW\MCW_API\server.js], rss=34381824, heapTotal=28055552, heapUsed=16120352, loadavg=[0, 0, 0], uptime=7291.4521333, trace=[column=15, file=D:\Perso\MCW\MCW_API\node_modules\express\lib\router\route.js, function=null, line=171, method=null, native=false, column=null, file=null, function=Array.forEach, line=null, method=forEach, native=true, column=15, file=D:\Perso\MCW\MCW_API\node_modules\express\lib\router\route.js, function=Route.(anonymous function) [as get], line=167, method=(anonymous function) [as get], native=false, column=3, file=D:\Perso\MCW\MCW_API\app\routes\equipe.js, function=module.exports, line=16, method=exports, native=false, column=46, file=D:\Perso\MCW\MCW_API\app\utils\tools.js, function=null, line=25, method=null, native=false, column=null, file=null, function=Array.forEach, line=null, method=forEach, native=true, column=32, file=D:\Perso\MCW\MCW_API\app\utils\tools.js, function=Object.recursiveRoutes, line=16, method=recursiveRoutes, native=false, column=7, file=D:\Perso\MCW\MCW_API\server.js, function=, line=46, method=null, native=false, column=26, file=module.js, function=Module._compile, line=456, method=_compile, native=false, column=10, file=module.js, function=Object.Module._extensions..js, line=474, method=Module._extensions..js, native=false], stack=[Error: Route.get() requires callback functions but got a [object Undefined],     at D:\Perso\MCW\MCW_API\node_modules\express\lib\router\route.js:171:15,     at Array.forEach (native),     at Route.(anonymous function) [as get] (D:\Perso\MCW\MCW_API\node_modules\express\lib\router\route.js:167:15),     at module.exports (D:\Perso\MCW\MCW_API\app\routes\equipe.js:16:3),     at D:\Perso\MCW\MCW_API\app\utils\tools.js:25:46,     at Array.forEach (native),     at Object.recursiveRoutes (D:\Perso\MCW\MCW_API\app\utils\tools.js:16:32),     at Object.<anonymous> (D:\Perso\MCW\MCW_API\server.js:46:7),     at Module._compile (module.js:456:26),     at Object.Module._extensions..js (module.js:474:10)]
2014-10-14T11:52:02.007Z - error: uncaughtException: failed to connect to [localhost:27017] date=Tue Oct 14 2014 13:52:01 GMT+0200 (Paris, Madrid (heure d’été)), pid=10116, uid=null, gid=null, cwd=D:\Perso\MCW\MCW_API, execPath=C:\Program Files\nodejs\node.exe, version=v0.10.32, argv=[node, D:\Perso\MCW\MCW_API\server.js], rss=36130816, heapTotal=28055552, heapUsed=17267912, loadavg=[0, 0, 0], uptime=7292.7121837, trace=[column=74, file=D:\Perso\MCW\MCW_API\node_modules\mongoose\node_modules\mongodb\lib\mongodb\connection\server.js, function=, line=540, method=null, native=false, column=17, file=events.js, function=emit, line=106, method=null, native=false, column=15, file=D:\Perso\MCW\MCW_API\node_modules\mongoose\node_modules\mongodb\lib\mongodb\connection\connection_pool.js, function=, line=140, method=null, native=false, column=17, file=events.js, function=emit, line=98, method=null, native=false, column=10, file=D:\Perso\MCW\MCW_API\node_modules\mongoose\node_modules\mongodb\lib\mongodb\connection\connection.js, function=, line=478, method=null, native=false, column=17, file=events.js, function=Socket.emit, line=95, method=emit, native=false, column=14, file=net.js, function=null, line=440, method=null, native=false, column=13, file=node.js, function=process._tickCallback, line=419, method=_tickCallback, native=false], stack=[Error: failed to connect to [localhost:27017],     at null.<anonymous> (D:\Perso\MCW\MCW_API\node_modules\mongoose\node_modules\mongodb\lib\mongodb\connection\server.js:540:74),     at emit (events.js:106:17),     at null.<anonymous> (D:\Perso\MCW\MCW_API\node_modules\mongoose\node_modules\mongodb\lib\mongodb\connection\connection_pool.js:140:15),     at emit (events.js:98:17),     at Socket.<anonymous> (D:\Perso\MCW\MCW_API\node_modules\mongoose\node_modules\mongodb\lib\mongodb\connection\connection.js:478:10),     at Socket.emit (events.js:95:17),     at net.js:440:14,     at process._tickCallback (node.js:419:13)]
2014-10-14T11:53:56.793Z - info: Initialisation du serveur
2014-10-14T11:53:56.823Z - info: require('./app\routes\categorie.js')
2014-10-14T11:53:56.853Z - info: require('./app\routes\club.js')
2014-10-14T11:53:56.863Z - info: require('./app\routes\equipe.js')
2014-10-14T11:53:57.173Z - error: uncaughtException: Route.get() requires callback functions but got a [object Undefined] date=Tue Oct 14 2014 13:53:56 GMT+0200 (Paris, Madrid (heure d’été)), pid=9620, uid=null, gid=null, cwd=D:\Perso\MCW\MCW_API, execPath=C:\Program Files\nodejs\node.exe, version=v0.10.32, argv=[node, D:\Perso\MCW\MCW_API\server.js], rss=34439168, heapTotal=28055552, heapUsed=16120072, loadavg=[0, 0, 0], uptime=7407.8065329, trace=[column=15, file=D:\Perso\MCW\MCW_API\node_modules\express\lib\router\route.js, function=null, line=171, method=null, native=false, column=null, file=null, function=Array.forEach, line=null, method=forEach, native=true, column=15, file=D:\Perso\MCW\MCW_API\node_modules\express\lib\router\route.js, function=Route.(anonymous function) [as get], line=167, method=(anonymous function) [as get], native=false, column=3, file=D:\Perso\MCW\MCW_API\app\routes\equipe.js, function=module.exports, line=16, method=exports, native=false, column=46, file=D:\Perso\MCW\MCW_API\app\utils\tools.js, function=null, line=25, method=null, native=false, column=null, file=null, function=Array.forEach, line=null, method=forEach, native=true, column=32, file=D:\Perso\MCW\MCW_API\app\utils\tools.js, function=Object.recursiveRoutes, line=16, method=recursiveRoutes, native=false, column=7, file=D:\Perso\MCW\MCW_API\server.js, function=, line=46, method=null, native=false, column=26, file=module.js, function=Module._compile, line=456, method=_compile, native=false, column=10, file=module.js, function=Object.Module._extensions..js, line=474, method=Module._extensions..js, native=false], stack=[Error: Route.get() requires callback functions but got a [object Undefined],     at D:\Perso\MCW\MCW_API\node_modules\express\lib\router\route.js:171:15,     at Array.forEach (native),     at Route.(anonymous function) [as get] (D:\Perso\MCW\MCW_API\node_modules\express\lib\router\route.js:167:15),     at module.exports (D:\Perso\MCW\MCW_API\app\routes\equipe.js:16:3),     at D:\Perso\MCW\MCW_API\app\utils\tools.js:25:46,     at Array.forEach (native),     at Object.recursiveRoutes (D:\Perso\MCW\MCW_API\app\utils\tools.js:16:32),     at Object.<anonymous> (D:\Perso\MCW\MCW_API\server.js:46:7),     at Module._compile (module.js:456:26),     at Object.Module._extensions..js (module.js:474:10)]
2014-10-14T11:53:58.263Z - error: uncaughtException: failed to connect to [localhost:27017] date=Tue Oct 14 2014 13:53:58 GMT+0200 (Paris, Madrid (heure d’été)), pid=9620, uid=null, gid=null, cwd=D:\Perso\MCW\MCW_API, execPath=C:\Program Files\nodejs\node.exe, version=v0.10.32, argv=[node, D:\Perso\MCW\MCW_API\server.js], rss=36122624, heapTotal=28055552, heapUsed=17267760, loadavg=[0, 0, 0], uptime=7409.0666337, trace=[column=74, file=D:\Perso\MCW\MCW_API\node_modules\mongoose\node_modules\mongodb\lib\mongodb\connection\server.js, function=, line=540, method=null, native=false, column=17, file=events.js, function=emit, line=106, method=null, native=false, column=15, file=D:\Perso\MCW\MCW_API\node_modules\mongoose\node_modules\mongodb\lib\mongodb\connection\connection_pool.js, function=, line=140, method=null, native=false, column=17, file=events.js, function=emit, line=98, method=null, native=false, column=10, file=D:\Perso\MCW\MCW_API\node_modules\mongoose\node_modules\mongodb\lib\mongodb\connection\connection.js, function=, line=478, method=null, native=false, column=17, file=events.js, function=Socket.emit, line=95, method=emit, native=false, column=14, file=net.js, function=null, line=440, method=null, native=false, column=13, file=node.js, function=process._tickCallback, line=419, method=_tickCallback, native=false], stack=[Error: failed to connect to [localhost:27017],     at null.<anonymous> (D:\Perso\MCW\MCW_API\node_modules\mongoose\node_modules\mongodb\lib\mongodb\connection\server.js:540:74),     at emit (events.js:106:17),     at null.<anonymous> (D:\Perso\MCW\MCW_API\node_modules\mongoose\node_modules\mongodb\lib\mongodb\connection\connection_pool.js:140:15),     at emit (events.js:98:17),     at Socket.<anonymous> (D:\Perso\MCW\MCW_API\node_modules\mongoose\node_modules\mongodb\lib\mongodb\connection\connection.js:478:10),     at Socket.emit (events.js:95:17),     at net.js:440:14,     at process._tickCallback (node.js:419:13)]
2014-10-14T11:54:03.155Z - info: Initialisation du serveur
2014-10-14T11:54:03.183Z - info: require('./app\routes\categorie.js')
2014-10-14T11:54:03.197Z - info: require('./app\routes\club.js')
2014-10-14T11:54:03.211Z - info: require('./app\routes\equipe.js')
2014-10-14T11:54:03.325Z - error: uncaughtException: Route.get() requires callback functions but got a [object Undefined] date=Tue Oct 14 2014 13:54:03 GMT+0200 (Paris, Madrid (heure d’été)), pid=11212, uid=null, gid=null, cwd=D:\Perso\MCW\MCW_API, execPath=C:\Program Files\nodejs\node.exe, version=v0.10.32, argv=[node, D:\Perso\MCW\MCW_API\server.js], rss=34709504, heapTotal=28055552, heapUsed=16384936, loadavg=[0, 0, 0], uptime=7414.1191351, trace=[column=15, file=D:\Perso\MCW\MCW_API\node_modules\express\lib\router\route.js, function=null, line=171, method=null, native=false, column=null, file=null, function=Array.forEach, line=null, method=forEach, native=true, column=15, file=D:\Perso\MCW\MCW_API\node_modules\express\lib\router\route.js, function=Route.(anonymous function) [as get], line=167, method=(anonymous function) [as get], native=false, column=3, file=D:\Perso\MCW\MCW_API\app\routes\equipe.js, function=module.exports, line=16, method=exports, native=false, column=46, file=D:\Perso\MCW\MCW_API\app\utils\tools.js, function=null, line=25, method=null, native=false, column=null, file=null, function=Array.forEach, line=null, method=forEach, native=true, column=32, file=D:\Perso\MCW\MCW_API\app\utils\tools.js, function=Object.recursiveRoutes, line=16, method=recursiveRoutes, native=false, column=7, file=D:\Perso\MCW\MCW_API\server.js, function=, line=46, method=null, native=false, column=26, file=module.js, function=Module._compile, line=456, method=_compile, native=false, column=10, file=module.js, function=Object.Module._extensions..js, line=474, method=Module._extensions..js, native=false], stack=[Error: Route.get() requires callback functions but got a [object Undefined],     at D:\Perso\MCW\MCW_API\node_modules\express\lib\router\route.js:171:15,     at Array.forEach (native),     at Route.(anonymous function) [as get] (D:\Perso\MCW\MCW_API\node_modules\express\lib\router\route.js:167:15),     at module.exports (D:\Perso\MCW\MCW_API\app\routes\equipe.js:16:3),     at D:\Perso\MCW\MCW_API\app\utils\tools.js:25:46,     at Array.forEach (native),     at Object.recursiveRoutes (D:\Perso\MCW\MCW_API\app\utils\tools.js:16:32),     at Object.<anonymous> (D:\Perso\MCW\MCW_API\server.js:46:7),     at Module._compile (module.js:456:26),     at Object.Module._extensions..js (module.js:474:10)]
2014-10-14T11:54:04.403Z - error: uncaughtException: failed to connect to [localhost:27017] date=Tue Oct 14 2014 13:54:04 GMT+0200 (Paris, Madrid (heure d’été)), pid=11212, uid=null, gid=null, cwd=D:\Perso\MCW\MCW_API, execPath=C:\Program Files\nodejs\node.exe, version=v0.10.32, argv=[node, D:\Perso\MCW\MCW_API\server.js], rss=36139008, heapTotal=28055552, heapUsed=17270208, loadavg=[0, 0, 0], uptime=7415.2262348, trace=[column=74, file=D:\Perso\MCW\MCW_API\node_modules\mongoose\node_modules\mongodb\lib\mongodb\connection\server.js, function=, line=540, method=null, native=false, column=17, file=events.js, function=emit, line=106, method=null, native=false, column=15, file=D:\Perso\MCW\MCW_API\node_modules\mongoose\node_modules\mongodb\lib\mongodb\connection\connection_pool.js, function=, line=140, method=null, native=false, column=17, file=events.js, function=emit, line=98, method=null, native=false, column=10, file=D:\Perso\MCW\MCW_API\node_modules\mongoose\node_modules\mongodb\lib\mongodb\connection\connection.js, function=, line=478, method=null, native=false, column=17, file=events.js, function=Socket.emit, line=95, method=emit, native=false, column=14, file=net.js, function=null, line=440, method=null, native=false, column=13, file=node.js, function=process._tickCallback, line=419, method=_tickCallback, native=false], stack=[Error: failed to connect to [localhost:27017],     at null.<anonymous> (D:\Perso\MCW\MCW_API\node_modules\mongoose\node_modules\mongodb\lib\mongodb\connection\server.js:540:74),     at emit (events.js:106:17),     at null.<anonymous> (D:\Perso\MCW\MCW_API\node_modules\mongoose\node_modules\mongodb\lib\mongodb\connection\connection_pool.js:140:15),     at emit (events.js:98:17),     at Socket.<anonymous> (D:\Perso\MCW\MCW_API\node_modules\mongoose\node_modules\mongodb\lib\mongodb\connection\connection.js:478:10),     at Socket.emit (events.js:95:17),     at net.js:440:14,     at process._tickCallback (node.js:419:13)]
2014-10-14T11:55:07.701Z - info: Initialisation du serveur
2014-10-14T11:55:07.731Z - info: require('./app\routes\categorie.js')
2014-10-14T11:55:07.751Z - info: require('./app\routes\club.js')
2014-10-14T11:55:07.761Z - info: require('./app\routes\equipe.js')
2014-10-14T11:55:08.011Z - error: uncaughtException: Route.get() requires callback functions but got a [object Undefined] date=Tue Oct 14 2014 13:55:07 GMT+0200 (Paris, Madrid (heure d’été)), pid=10660, uid=null, gid=null, cwd=D:\Perso\MCW\MCW_API, execPath=C:\Program Files\nodejs\node.exe, version=v0.10.32, argv=[node, D:\Perso\MCW\MCW_API\server.js], rss=34422784, heapTotal=28055552, heapUsed=16120760, loadavg=[0, 0, 0], uptime=7478.6865825, trace=[column=15, file=D:\Perso\MCW\MCW_API\node_modules\express\lib\router\route.js, function=null, line=171, method=null, native=false, column=null, file=null, function=Array.forEach, line=null, method=forEach, native=true, column=15, file=D:\Perso\MCW\MCW_API\node_modules\express\lib\router\route.js, function=Route.(anonymous function) [as get], line=167, method=(anonymous function) [as get], native=false, column=3, file=D:\Perso\MCW\MCW_API\app\routes\equipe.js, function=module.exports, line=16, method=exports, native=false, column=46, file=D:\Perso\MCW\MCW_API\app\utils\tools.js, function=null, line=25, method=null, native=false, column=null, file=null, function=Array.forEach, line=null, method=forEach, native=true, column=32, file=D:\Perso\MCW\MCW_API\app\utils\tools.js, function=Object.recursiveRoutes, line=16, method=recursiveRoutes, native=false, column=7, file=D:\Perso\MCW\MCW_API\server.js, function=, line=46, method=null, native=false, column=26, file=module.js, function=Module._compile, line=456, method=_compile, native=false, column=10, file=module.js, function=Object.Module._extensions..js, line=474, method=Module._extensions..js, native=false], stack=[Error: Route.get() requires callback functions but got a [object Undefined],     at D:\Perso\MCW\MCW_API\node_modules\express\lib\router\route.js:171:15,     at Array.forEach (native),     at Route.(anonymous function) [as get] (D:\Perso\MCW\MCW_API\node_modules\express\lib\router\route.js:167:15),     at module.exports (D:\Perso\MCW\MCW_API\app\routes\equipe.js:16:3),     at D:\Perso\MCW\MCW_API\app\utils\tools.js:25:46,     at Array.forEach (native),     at Object.recursiveRoutes (D:\Perso\MCW\MCW_API\app\utils\tools.js:16:32),     at Object.<anonymous> (D:\Perso\MCW\MCW_API\server.js:46:7),     at Module._compile (module.js:456:26),     at Object.Module._extensions..js (module.js:474:10)]
2014-10-14T11:57:21.117Z - info: Initialisation du serveur
2014-10-14T11:57:21.137Z - info: require('./app\routes\categorie.js')
2014-10-14T11:57:21.157Z - info: require('./app\routes\club.js')
2014-10-14T11:57:21.167Z - info: require('./app\routes\equipe.js')
2014-10-14T11:57:21.177Z - info: require('./app\routes\membre.js')
2014-10-14T11:57:21.187Z - info: require('./app\routes\type_membre.js')
2014-10-14T11:57:21.217Z - info: Serveur démarré sur le port 8080
2014-10-15T20:29:46.487Z - info: Initialisation du serveur
2014-10-15T20:29:46.525Z - info: require('./app\routes\categorie.js')
2014-10-15T20:29:46.543Z - info: require('./app\routes\club.js')
2014-10-15T20:29:46.560Z - info: require('./app\routes\equipe.js')
2014-10-15T20:29:46.574Z - info: require('./app\routes\membre.js')
2014-10-15T20:29:46.586Z - info: require('./app\routes\type_membre.js')
2014-10-15T20:29:46.631Z - info: Serveur démarré sur le port 8080
2014-10-15T20:40:16.237Z - info: Initialisation du serveur
2014-10-15T20:40:16.250Z - info: require('./app\routes\categorie.js')
2014-10-15T20:40:16.265Z - info: require('./app\routes\club.js')
2014-10-15T20:40:16.281Z - info: require('./app\routes\equipe.js')
2014-10-15T20:40:16.281Z - info: require('./app\routes\membre.js')
2014-10-15T20:40:16.296Z - info: require('./app\routes\type_membre.js')
2014-10-15T20:40:16.312Z - info: Serveur démarré sur le port 8080
2014-10-15T20:46:24.597Z - info: Initialisation du serveur
2014-10-15T20:46:24.628Z - info: require('./app\routes\categorie.js')
2014-10-15T20:46:24.644Z - info: require('./app\routes\club.js')
2014-10-15T20:46:24.659Z - info: require('./app\routes\equipe.js')
2014-10-15T20:46:24.675Z - info: require('./app\routes\membre.js')
2014-10-15T20:46:24.675Z - info: require('./app\routes\type_membre.js')
2014-10-15T20:46:24.706Z - info: Serveur démarré sur le port 8080
2014-10-15T21:11:09.468Z - info: Initialisation du serveur
2014-10-15T21:11:09.499Z - info: require('./app\routes\categorie.js')
2014-10-15T21:11:09.515Z - info: require('./app\routes\club.js')
2014-10-15T21:11:09.531Z - info: require('./app\routes\equipe.js')
2014-10-15T21:11:09.531Z - info: require('./app\routes\membre.js')
2014-10-15T21:11:09.546Z - info: require('./app\routes\type_membre.js')
2014-10-15T21:11:09.577Z - info: Serveur démarré sur le port 8080
2014-10-15T21:11:26.849Z - info: Authentification OK pour toto2
2014-10-15T21:12:53.671Z - info: Initialisation du serveur
2014-10-15T21:12:53.703Z - info: require('./app\routes\categorie.js')
2014-10-15T21:12:53.718Z - info: require('./app\routes\club.js')
2014-10-15T21:12:53.749Z - info: require('./app\routes\equipe.js')
2014-10-15T21:12:53.749Z - info: require('./app\routes\membre.js')
2014-10-15T21:12:53.765Z - info: require('./app\routes\type_membre.js')
2014-10-15T21:12:53.796Z - info: Serveur démarré sur le port 8080
2014-10-15T21:12:59.334Z - info: Authentification OK pour toto2
2014-10-15T21:13:54.576Z - info: Initialisation du serveur
2014-10-15T21:13:54.611Z - info: require('./app\routes\categorie.js')
2014-10-15T21:13:54.627Z - info: require('./app\routes\club.js')
2014-10-15T21:13:54.644Z - info: require('./app\routes\equipe.js')
2014-10-15T21:13:54.660Z - info: require('./app\routes\membre.js')
2014-10-15T21:13:54.676Z - info: require('./app\routes\type_membre.js')
2014-10-15T21:13:54.703Z - info: Serveur démarré sur le port 8080
2014-10-15T21:14:00.362Z - info: Authentification OK pour toto2
2014-10-15T21:14:05.603Z - info: Authentification OK pour toto2
2014-10-15T21:18:17.806Z - info: Initialisation du serveur
2014-10-15T21:18:17.837Z - info: require('./app\routes\categorie.js')
2014-10-15T21:18:17.853Z - info: require('./app\routes\club.js')
2014-10-15T21:18:17.868Z - info: require('./app\routes\equipe.js')
2014-10-15T21:18:17.868Z - info: require('./app\routes\membre.js')
2014-10-15T21:18:17.884Z - info: require('./app\routes\type_membre.js')
2014-10-15T21:18:17.962Z - info: Serveur démarré sur le port 8080
2014-10-15T21:21:37.424Z - info: Authentification OK pour toto2
2014-10-15T21:22:02.928Z - info: Initialisation du serveur
2014-10-15T21:22:02.951Z - info: require('./app\routes\categorie.js')
2014-10-15T21:22:02.960Z - info: require('./app\routes\club.js')
2014-10-15T21:22:02.969Z - info: require('./app\routes\equipe.js')
2014-10-15T21:22:02.975Z - info: require('./app\routes\membre.js')
2014-10-15T21:22:02.981Z - info: require('./app\routes\type_membre.js')
2014-10-15T21:22:02.997Z - info: Serveur démarré sur le port 8080
2014-10-16T11:18:15.880Z - info: Initialisation du serveur
2014-10-16T11:18:15.916Z - info: require('./app\routes\categorie.js')
2014-10-16T11:18:15.931Z - info: require('./app\routes\club.js')
2014-10-16T11:18:15.948Z - info: require('./app\routes\equipe.js')
2014-10-16T11:18:15.963Z - info: require('./app\routes\membre.js')
2014-10-16T11:18:15.980Z - info: require('./app\routes\type_membre.js')
2014-10-16T11:18:16.055Z - info: Serveur démarré sur le port 8080
2014-10-16T11:19:04.750Z - error: uncaughtException: Cannot read property 'login' of null date=Thu Oct 16 2014 13:19:04 GMT+0200 (Paris, Madrid (heure d’été)), pid=12552, uid=null, gid=null, cwd=d:\Perso\MCW\MCW_API, execPath=C:\Program Files\nodejs\node.exe, version=v0.10.32, argv=[C:\Program Files\nodejs\node.exe, d:\Perso\MCW\MCW_API\server.js], rss=37199872, heapTotal=29075456, heapUsed=18102216, loadavg=[0, 0, 0], uptime=75545.322522, trace=[column=50, file=d:\Perso\MCW\MCW_API\app\controllers\auth.js, function=, line=16, method=null, native=false, column=8, file=d:\Perso\MCW\MCW_API\node_modules\mongoose\node_modules\mpromise\lib\promise.js, function=, line=162, method=null, native=false, column=17, file=events.js, function=Promise.emit, line=95, method=emit, native=false, column=38, file=d:\Perso\MCW\MCW_API\node_modules\mongoose\node_modules\mpromise\lib\promise.js, function=Promise.emit, line=79, method=emit, native=false, column=20, file=d:\Perso\MCW\MCW_API\node_modules\mongoose\node_modules\mpromise\lib\promise.js, function=Promise.fulfill, line=92, method=fulfill, native=false, column=30, file=d:\Perso\MCW\MCW_API\node_modules\mongoose\lib\query.js, function=null, line=1794, method=null, native=false, column=16, file=d:\Perso\MCW\MCW_API\node_modules\mongoose\lib\utils.js, function=null, line=414, method=null, native=false, column=5, file=d:\Perso\MCW\MCW_API\node_modules\mongoose\node_modules\mongodb\lib\mongodb\collection.js, function=null, line=953, method=null, native=false, column=35, file=d:\Perso\MCW\MCW_API\node_modules\mongoose\node_modules\mongodb\lib\mongodb\cursor.js, function=null, line=683, method=null, native=false, column=5, file=d:\Perso\MCW\MCW_API\node_modules\mongoose\node_modules\mongodb\lib\mongodb\cursor.js, function=Cursor.close, line=903, method=close, native=false], stack=[TypeError: Cannot read property 'login' of null,     at Promise.<anonymous> (d:\Perso\MCW\MCW_API\app\controllers\auth.js:16:50),     at Promise.<anonymous> (d:\Perso\MCW\MCW_API\node_modules\mongoose\node_modules\mpromise\lib\promise.js:162:8),     at Promise.emit (events.js:95:17),     at Promise.emit (d:\Perso\MCW\MCW_API\node_modules\mongoose\node_modules\mpromise\lib\promise.js:79:38),     at Promise.fulfill (d:\Perso\MCW\MCW_API\node_modules\mongoose\node_modules\mpromise\lib\promise.js:92:20),     at d:\Perso\MCW\MCW_API\node_modules\mongoose\lib\query.js:1794:30,     at d:\Perso\MCW\MCW_API\node_modules\mongoose\lib\utils.js:414:16,     at d:\Perso\MCW\MCW_API\node_modules\mongoose\node_modules\mongodb\lib\mongodb\collection.js:953:5,     at d:\Perso\MCW\MCW_API\node_modules\mongoose\node_modules\mongodb\lib\mongodb\cursor.js:683:35,     at Cursor.close (d:\Perso\MCW\MCW_API\node_modules\mongoose\node_modules\mongodb\lib\mongodb\cursor.js:903:5)]
2014-10-16T11:19:44.992Z - error: uncaughtException: Cannot read property 'login' of null date=Thu Oct 16 2014 13:19:44 GMT+0200 (Paris, Madrid (heure d’été)), pid=12552, uid=null, gid=null, cwd=d:\Perso\MCW\MCW_API, execPath=C:\Program Files\nodejs\node.exe, version=v0.10.32, argv=[C:\Program Files\nodejs\node.exe, d:\Perso\MCW\MCW_API\server.js], rss=39518208, heapTotal=30107392, heapUsed=11259040, loadavg=[0, 0, 0], uptime=75585.6711552, trace=[column=50, file=d:\Perso\MCW\MCW_API\app\controllers\auth.js, function=, line=16, method=null, native=false, column=8, file=d:\Perso\MCW\MCW_API\node_modules\mongoose\node_modules\mpromise\lib\promise.js, function=, line=162, method=null, native=false, column=17, file=events.js, function=Promise.emit, line=95, method=emit, native=false, column=38, file=d:\Perso\MCW\MCW_API\node_modules\mongoose\node_modules\mpromise\lib\promise.js, function=Promise.emit, line=79, method=emit, native=false, column=20, file=d:\Perso\MCW\MCW_API\node_modules\mongoose\node_modules\mpromise\lib\promise.js, function=Promise.fulfill, line=92, method=fulfill, native=false, column=30, file=d:\Perso\MCW\MCW_API\node_modules\mongoose\lib\query.js, function=null, line=1794, method=null, native=false, column=16, file=d:\Perso\MCW\MCW_API\node_modules\mongoose\lib\utils.js, function=null, line=414, method=null, native=false, column=5, file=d:\Perso\MCW\MCW_API\node_modules\mongoose\node_modules\mongodb\lib\mongodb\collection.js, function=null, line=953, method=null, native=false, column=35, file=d:\Perso\MCW\MCW_API\node_modules\mongoose\node_modules\mongodb\lib\mongodb\cursor.js, function=null, line=683, method=null, native=false, column=5, file=d:\Perso\MCW\MCW_API\node_modules\mongoose\node_modules\mongodb\lib\mongodb\cursor.js, function=Cursor.close, line=903, method=close, native=false], stack=[TypeError: Cannot read property 'login' of null,     at Promise.<anonymous> (d:\Perso\MCW\MCW_API\app\controllers\auth.js:16:50),     at Promise.<anonymous> (d:\Perso\MCW\MCW_API\node_modules\mongoose\node_modules\mpromise\lib\promise.js:162:8),     at Promise.emit (events.js:95:17),     at Promise.emit (d:\Perso\MCW\MCW_API\node_modules\mongoose\node_modules\mpromise\lib\promise.js:79:38),     at Promise.fulfill (d:\Perso\MCW\MCW_API\node_modules\mongoose\node_modules\mpromise\lib\promise.js:92:20),     at d:\Perso\MCW\MCW_API\node_modules\mongoose\lib\query.js:1794:30,     at d:\Perso\MCW\MCW_API\node_modules\mongoose\lib\utils.js:414:16,     at d:\Perso\MCW\MCW_API\node_modules\mongoose\node_modules\mongodb\lib\mongodb\collection.js:953:5,     at d:\Perso\MCW\MCW_API\node_modules\mongoose\node_modules\mongodb\lib\mongodb\cursor.js:683:35,     at Cursor.close (d:\Perso\MCW\MCW_API\node_modules\mongoose\node_modules\mongodb\lib\mongodb\cursor.js:903:5)]
2014-10-16T11:20:46.829Z - info: Initialisation du serveur
2014-10-16T11:20:46.855Z - info: require('./app\routes\categorie.js')
2014-10-16T11:20:46.867Z - info: require('./app\routes\club.js')
2014-10-16T11:20:46.879Z - info: require('./app\routes\equipe.js')
2014-10-16T11:20:46.888Z - info: require('./app\routes\membre.js')
2014-10-16T11:20:46.896Z - info: require('./app\routes\type_membre.js')
2014-10-16T11:20:46.916Z - info: Serveur démarré sur le port 8080
2014-10-16T11:20:47.026Z - info: Login inconnu :  toto2
2014-10-16T11:20:55.314Z - info: Authentification OK pour toto2
2014-10-16T11:21:20.708Z - info: Initialisation du serveur
2014-10-16T11:21:20.725Z - info: require('./app\routes\categorie.js')
2014-10-16T11:21:20.767Z - info: require('./app\routes\club.js')
2014-10-16T11:21:20.810Z - info: require('./app\routes\equipe.js')
2014-10-16T11:21:20.851Z - info: require('./app\routes\membre.js')
2014-10-16T11:21:20.881Z - info: require('./app\routes\type_membre.js')
2014-10-16T11:21:20.969Z - info: Serveur démarré sur le port 8080
2014-10-16T11:21:50.078Z - info: Authentification OK pour toto2
2014-10-16T11:22:11.368Z - info: Initialisation du serveur
2014-10-16T11:22:11.386Z - info: require('./app\routes\categorie.js')
2014-10-16T11:22:11.427Z - info: require('./app\routes\club.js')
2014-10-16T11:22:11.466Z - info: require('./app\routes\equipe.js')
2014-10-16T11:22:11.505Z - info: require('./app\routes\membre.js')
2014-10-16T11:22:11.533Z - info: require('./app\routes\type_membre.js')
2014-10-16T11:22:11.627Z - info: Serveur démarré sur le port 8080
2014-10-16T11:26:27.964Z - info: Authentification OK pour toto2
2014-10-16T11:26:34.205Z - info: Authentification OK pour toto2
2014-10-16T11:28:15.955Z - info: Initialisation du serveur
2014-10-16T11:28:15.971Z - info: require('./app\routes\categorie.js')
2014-10-16T11:28:16.006Z - info: require('./app\routes\club.js')
2014-10-16T11:28:16.040Z - info: require('./app\routes\equipe.js')
2014-10-16T11:28:16.074Z - info: require('./app\routes\membre.js')
2014-10-16T11:28:16.100Z - info: require('./app\routes\type_membre.js')
2014-10-16T11:28:16.172Z - info: Serveur démarré sur le port 8080
2014-10-16T11:28:19.403Z - info: Authentification OK pour toto2
2014-10-16T11:30:30.815Z - info: Initialisation du serveur
2014-10-16T11:30:30.840Z - info: require('./app\routes\categorie.js')
2014-10-16T11:30:30.855Z - info: require('./app\routes\club.js')
2014-10-16T11:30:30.866Z - info: require('./app\routes\equipe.js')
2014-10-16T11:30:30.875Z - info: require('./app\routes\membre.js')
2014-10-16T11:30:30.883Z - info: require('./app\routes\type_membre.js')
2014-10-16T11:30:30.902Z - info: Serveur démarré sur le port 8080
2014-10-16T11:36:58.362Z - info: Initialisation du serveur
2014-10-16T11:36:58.380Z - info: require('./app\routes\categorie.js')
2014-10-16T11:36:58.388Z - info: require('./app\routes\club.js')
2014-10-16T11:36:58.396Z - info: require('./app\routes\equipe.js')
2014-10-16T11:36:58.402Z - info: require('./app\routes\membre.js')
2014-10-16T11:36:58.409Z - info: require('./app\routes\type_membre.js')
2014-10-16T11:36:58.422Z - info: Serveur démarré sur le port 8080
2014-10-16T11:37:04.782Z - info: Authentification OK pour toto2
2014-10-16T11:40:57.148Z - info: Authentification OK pour toto2
2014-10-16T19:08:14.980Z - info: Initialisation du serveur
2014-10-16T19:08:15.013Z - info: require('./app\routes\categorie.js')
2014-10-16T19:08:15.059Z - info: require('./app\routes\club.js')
2014-10-16T19:08:15.115Z - info: require('./app\routes\equipe.js')
2014-10-16T19:08:15.168Z - info: require('./app\routes\membre.js')
2014-10-16T19:08:15.201Z - info: require('./app\routes\type_membre.js')
2014-10-16T19:08:15.269Z - info: Serveur démarré sur le port 8080
2014-10-16T19:08:16.345Z - error: uncaughtException: failed to connect to [localhost:27017] date=Thu Oct 16 2014 21:08:16 GMT+0200 (Paris, Madrid (heure d’été)), pid=5004, uid=null, gid=null, cwd=d:\Perso\MCW\MCW_API, execPath=C:\Program Files\nodejs\node.exe, version=v0.10.32, argv=[C:\Program Files\nodejs\node.exe, d:\Perso\MCW\MCW_API\server.js], rss=35934208, heapTotal=28055552, heapUsed=17024120, loadavg=[0, 0, 0], uptime=2035.3874039, trace=[column=74, file=d:\Perso\MCW\MCW_API\node_modules\mongoose\node_modules\mongodb\lib\mongodb\connection\server.js, function=, line=540, method=null, native=false, column=17, file=events.js, function=emit, line=106, method=null, native=false, column=15, file=d:\Perso\MCW\MCW_API\node_modules\mongoose\node_modules\mongodb\lib\mongodb\connection\connection_pool.js, function=, line=140, method=null, native=false, column=17, file=events.js, function=emit, line=98, method=null, native=false, column=10, file=d:\Perso\MCW\MCW_API\node_modules\mongoose\node_modules\mongodb\lib\mongodb\connection\connection.js, function=, line=478, method=null, native=false, column=17, file=events.js, function=Socket.emit, line=95, method=emit, native=false, column=14, file=net.js, function=null, line=440, method=null, native=false, column=13, file=node.js, function=process._tickCallback, line=419, method=_tickCallback, native=false], stack=[Error: failed to connect to [localhost:27017],     at null.<anonymous> (d:\Perso\MCW\MCW_API\node_modules\mongoose\node_modules\mongodb\lib\mongodb\connection\server.js:540:74),     at emit (events.js:106:17),     at null.<anonymous> (d:\Perso\MCW\MCW_API\node_modules\mongoose\node_modules\mongodb\lib\mongodb\connection\connection_pool.js:140:15),     at emit (events.js:98:17),     at Socket.<anonymous> (d:\Perso\MCW\MCW_API\node_modules\mongoose\node_modules\mongodb\lib\mongodb\connection\connection.js:478:10),     at Socket.emit (events.js:95:17),     at net.js:440:14,     at process._tickCallback (node.js:419:13)]
2014-10-16T19:09:45.013Z - info: Initialisation du serveur
2014-10-16T19:09:45.046Z - info: require('./app\routes\categorie.js')
2014-10-16T19:09:45.063Z - info: require('./app\routes\club.js')
2014-10-16T19:09:45.079Z - info: require('./app\routes\equipe.js')
2014-10-16T19:09:45.091Z - info: require('./app\routes\membre.js')
2014-10-16T19:09:45.102Z - info: require('./app\routes\type_membre.js')
2014-10-16T19:09:45.128Z - info: Serveur démarré sur le port 8080
2014-10-16T19:10:43.411Z - info: Authentification OK pour toto2
2014-10-16T19:11:22.706Z - info: Initialisation du serveur
2014-10-16T19:11:22.732Z - info: require('./app\routes\categorie.js')
2014-10-16T19:11:22.745Z - info: require('./app\routes\club.js')
2014-10-16T19:11:22.757Z - info: require('./app\routes\equipe.js')
2014-10-16T19:11:22.766Z - info: require('./app\routes\membre.js')
2014-10-16T19:11:22.775Z - info: require('./app\routes\type_membre.js')
2014-10-16T19:11:22.795Z - info: Serveur démarré sur le port 8080
2014-10-16T19:11:31.047Z - info: Login inconnu : toto2
2014-10-16T19:12:29.078Z - info: Authentification OK pour toto2
2014-10-16T19:20:50.159Z - info: Authentification OK pour toto2
2014-10-16T19:22:22.502Z - info: Initialisation du serveur
2014-10-16T19:22:22.532Z - info: require('./app\routes\categorie.js')
2014-10-16T19:22:22.546Z - info: require('./app\routes\club.js')
2014-10-16T19:22:22.561Z - info: require('./app\routes\equipe.js')
2014-10-16T19:22:22.572Z - info: require('./app\routes\membre.js')
2014-10-16T19:22:22.583Z - info: require('./app\routes\type_membre.js')
2014-10-16T19:22:22.606Z - info: Serveur démarré sur le port 8080
2014-10-16T19:22:33.779Z - info: Authentification OK pour toto2
2014-10-16T19:25:26.346Z - info: Authentification OK pour toto2
2014-10-16T19:27:08.903Z - info: Authentification OK pour toto2
2014-10-16T19:27:27.936Z - info: Authentification OK pour toto2
2014-10-16T19:31:36.247Z - info: Authentification OK pour toto2
2014-10-16T19:36:27.734Z - info: Authentification OK pour toto2
2014-10-16T19:44:37.788Z - info: Authentification OK pour toto2
2014-10-16T19:44:44.591Z - info: Initialisation du serveur
2014-10-16T19:44:44.614Z - info: require('./app\routes\categorie.js')
2014-10-16T19:44:44.634Z - info: require('./app\routes\club.js')
2014-10-16T19:44:44.651Z - info: require('./app\routes\equipe.js')
2014-10-16T19:44:44.666Z - info: require('./app\routes\membre.js')
2014-10-16T19:44:44.683Z - info: require('./app\routes\type_membre.js')
2014-10-16T19:44:44.711Z - info: Serveur démarré sur le port 8080
2014-10-16T19:44:52.400Z - info: Authentification OK pour toto2
2014-10-16T19:46:01.281Z - info: Authentification OK pour toto2
2014-10-16T19:46:28.821Z - info: Initialisation du serveur
2014-10-16T19:46:28.849Z - info: require('./app\routes\categorie.js')
2014-10-16T19:46:28.861Z - info: require('./app\routes\club.js')
2014-10-16T19:46:28.875Z - info: require('./app\routes\equipe.js')
2014-10-16T19:46:28.884Z - info: require('./app\routes\membre.js')
2014-10-16T19:46:28.893Z - info: require('./app\routes\type_membre.js')
2014-10-16T19:46:28.913Z - info: Serveur démarré sur le port 8080
2014-10-16T19:47:52.087Z - info: Authentification OK pour toto2
2014-10-16T19:49:38.375Z - info: Authentification OK pour toto2
2014-10-16T19:59:57.939Z - info: Authentification OK pour toto2
2014-10-16T19:59:59.092Z - info: Authentification OK pour toto2
2014-10-16T20:03:58.286Z - info: Authentification OK pour toto2
2014-10-16T20:03:59.402Z - info: Authentification OK pour toto2
2014-10-16T20:04:00.499Z - info: Authentification OK pour toto2
2014-10-16T20:05:45.649Z - info: Authentification OK pour toto2
2014-10-16T20:05:46.788Z - info: Authentification OK pour toto2
2014-10-16T20:05:47.874Z - info: Authentification OK pour toto2
2014-10-16T20:05:48.960Z - info: Authentification KO pour toto2
2014-10-16T20:06:24.833Z - info: Authentification OK pour toto2
2014-10-16T20:06:25.748Z - info: Authentification OK pour toto2
2014-10-16T20:06:26.499Z - info: Authentification OK pour toto2
2014-10-16T20:06:27.193Z - info: Authentification KO pour toto2
2014-10-16T20:10:39.060Z - info: Authentification OK pour toto2
2014-10-16T20:10:40.167Z - info: Authentification OK pour toto2
2014-10-16T20:10:41.271Z - info: Authentification OK pour toto2
2014-10-16T20:10:42.370Z - info: Authentification KO pour toto2
2014-10-16T20:10:43.387Z - info: Authentification KO pour toto2
2014-10-16T20:11:04.842Z - info: Initialisation du serveur
2014-10-16T20:11:04.864Z - info: require('./app\routes\categorie.js')
2014-10-16T20:11:04.874Z - info: require('./app\routes\club.js')
2014-10-16T20:11:04.884Z - info: require('./app\routes\equipe.js')
2014-10-16T20:11:04.891Z - info: require('./app\routes\membre.js')
2014-10-16T20:11:04.899Z - info: require('./app\routes\type_membre.js')
2014-10-16T20:11:04.916Z - info: Serveur démarré sur le port 8080
2014-10-16T20:11:32.932Z - info: Authentification OK pour toto2
2014-10-16T20:11:34.072Z - info: Authentification OK pour toto2
2014-10-16T20:11:35.172Z - info: Authentification OK pour toto2
2014-10-16T20:11:36.266Z - info: Authentification KO pour toto2
2014-10-16T20:11:37.369Z - info: Authentification OK pour toto2
2014-10-16T20:13:34.407Z - info: Authentification OK pour toto2
2014-10-16T20:13:35.273Z - info: Authentification OK pour toto2
2014-10-16T20:13:36.127Z - info: Authentification OK pour toto2
2014-10-16T20:13:36.971Z - info: Authentification KO pour toto2
2014-10-16T20:13:37.842Z - info: Authentification OK pour toto2
2014-10-16T20:13:38.736Z - info: Authentification OK pour toto2
2014-10-16T20:25:39.538Z - info: Initialisation du serveur
2014-10-16T20:25:39.560Z - info: require('./app\routes\categorie.js')
2014-10-16T20:25:39.571Z - info: require('./app\routes\club.js')
2014-10-16T20:25:39.582Z - info: require('./app\routes\equipe.js')
2014-10-16T20:25:39.590Z - info: require('./app\routes\membre.js')
2014-10-16T20:25:39.597Z - info: require('./app\routes\type_membre.js')
2014-10-16T20:25:39.614Z - info: Serveur démarré sur le port 8080
2014-10-16T20:26:03.870Z - info: Authentification OK pour toto2
2014-10-16T20:28:46.026Z - info: Initialisation du serveur
2014-10-16T20:28:46.063Z - info: require('./app\routes\categorie.js')
2014-10-16T20:28:46.079Z - info: require('./app\routes\club.js')
2014-10-16T20:28:46.097Z - info: require('./app\routes\equipe.js')
2014-10-16T20:28:46.107Z - info: require('./app\routes\membre.js')
2014-10-16T20:28:46.118Z - info: require('./app\routes\type_membre.js')
2014-10-16T20:28:46.148Z - info: Serveur démarré sur le port 8080
2014-10-16T20:28:49.261Z - info: Authentification OK pour toto2
2014-10-16T20:28:54.058Z - info: Authentification OK pour toto2
2014-10-16T20:29:17.030Z - info: Initialisation du serveur
2014-10-16T20:29:17.066Z - info: require('./app\routes\categorie.js')
2014-10-16T20:29:17.081Z - info: require('./app\routes\club.js')
2014-10-16T20:29:17.096Z - info: require('./app\routes\equipe.js')
2014-10-16T20:29:17.104Z - info: require('./app\routes\membre.js')
2014-10-16T20:29:17.114Z - info: require('./app\routes\type_membre.js')
2014-10-16T20:29:17.136Z - info: Serveur démarré sur le port 8080
2014-10-16T20:29:22.155Z - info: Authentification OK pour toto2
2014-10-16T20:33:13.366Z - info: Initialisation du serveur
2014-10-16T20:33:13.403Z - info: require('./app\routes\categorie.js')
2014-10-16T20:33:13.418Z - info: require('./app\routes\club.js')
2014-10-16T20:33:13.436Z - info: require('./app\routes\equipe.js')
2014-10-16T20:33:13.448Z - info: require('./app\routes\membre.js')
2014-10-16T20:33:13.459Z - info: require('./app\routes\type_membre.js')
2014-10-16T20:33:13.485Z - info: Serveur démarré sur le port 8080
2014-10-16T20:33:20.575Z - info: Authentification OK pour toto2
2014-10-16T20:35:11.519Z - info: Initialisation du serveur
2014-10-16T20:35:11.551Z - info: require('./app\routes\categorie.js')
2014-10-16T20:35:11.566Z - info: require('./app\routes\club.js')
2014-10-16T20:35:11.584Z - info: require('./app\routes\equipe.js')
2014-10-16T20:35:11.594Z - info: require('./app\routes\membre.js')
2014-10-16T20:35:11.604Z - info: require('./app\routes\type_membre.js')
2014-10-16T20:35:11.629Z - info: Serveur démarré sur le port 8080
2014-10-16T20:35:14.942Z - info: Authentification OK pour toto2
2014-10-16T20:38:33.229Z - info: Initialisation du serveur
2014-10-16T20:38:33.256Z - info: require('./app\routes\categorie.js')
2014-10-16T20:38:33.268Z - info: require('./app\routes\club.js')
2014-10-16T20:38:33.283Z - info: require('./app\routes\equipe.js')
2014-10-16T20:38:33.291Z - info: require('./app\routes\membre.js')
2014-10-16T20:38:33.299Z - info: require('./app\routes\type_membre.js')
2014-10-16T20:38:33.320Z - info: Serveur démarré sur le port 8080
2014-10-16T20:39:10.336Z - info: Initialisation du serveur
2014-10-16T20:39:10.358Z - info: require('./app\routes\categorie.js')
2014-10-16T20:39:10.368Z - info: require('./app\routes\club.js')
2014-10-16T20:39:10.379Z - info: require('./app\routes\equipe.js')
2014-10-16T20:39:10.386Z - info: require('./app\routes\membre.js')
2014-10-16T20:39:10.394Z - info: require('./app\routes\type_membre.js')
2014-10-16T20:39:10.411Z - info: Serveur démarré sur le port 8080
2014-10-16T20:39:19.336Z - info: Authentification OK pour toto2
2014-10-16T20:39:22.035Z - info: Authentification OK pour toto2
2014-10-16T20:40:20.788Z - info: Initialisation du serveur
2014-10-16T20:40:20.822Z - info: require('./app\routes\categorie.js')
2014-10-16T20:40:20.839Z - info: require('./app\routes\club.js')
2014-10-16T20:40:20.854Z - info: require('./app\routes\equipe.js')
2014-10-16T20:40:20.868Z - info: require('./app\routes\membre.js')
2014-10-16T20:40:20.878Z - info: require('./app\routes\type_membre.js')
2014-10-16T20:40:20.907Z - info: Serveur démarré sur le port 8080
2014-10-16T20:40:24.226Z - info: Authentification OK pour toto2
2014-10-16T20:40:48.356Z - info: Initialisation du serveur
2014-10-16T20:40:48.382Z - info: require('./app\routes\categorie.js')
2014-10-16T20:40:48.394Z - info: require('./app\routes\club.js')
2014-10-16T20:40:48.409Z - info: require('./app\routes\equipe.js')
2014-10-16T20:40:48.418Z - info: require('./app\routes\membre.js')
2014-10-16T20:40:48.428Z - info: require('./app\routes\type_membre.js')
2014-10-16T20:40:48.447Z - info: Serveur démarré sur le port 8080
2014-10-16T20:40:55.755Z - info: Authentification OK pour toto2
2014-10-16T20:42:22.072Z - info: Initialisation du serveur
2014-10-16T20:42:22.103Z - info: require('./app\routes\categorie.js')
2014-10-16T20:42:22.120Z - info: require('./app\routes\club.js')
2014-10-16T20:42:22.137Z - info: require('./app\routes\equipe.js')
2014-10-16T20:42:22.148Z - info: require('./app\routes\membre.js')
2014-10-16T20:42:22.159Z - info: require('./app\routes\type_membre.js')
2014-10-16T20:42:22.184Z - info: Serveur démarré sur le port 8080
2014-10-16T20:42:28.956Z - info: Authentification OK pour toto2
2014-10-16T20:44:01.696Z - info: Initialisation du serveur
2014-10-16T20:44:01.718Z - info: require('./app\routes\categorie.js')
2014-10-16T20:44:01.734Z - info: require('./app\routes\club.js')
2014-10-16T20:44:01.747Z - info: require('./app\routes\equipe.js')
2014-10-16T20:44:01.753Z - info: require('./app\routes\membre.js')
2014-10-16T20:44:01.761Z - info: require('./app\routes\type_membre.js')
2014-10-16T20:44:01.779Z - info: Serveur démarré sur le port 8080
2014-10-16T20:44:25.706Z - info: Authentification OK pour toto2
2014-10-16T20:45:45.541Z - info: Authentification OK pour toto2
2014-10-16T20:49:49.700Z - info: Authentification OK pour toto2
2014-10-16T20:50:05.457Z - info: Authentification OK pour toto2
2014-10-16T20:51:35.385Z - info: Authentification OK pour toto2
2014-10-16T20:52:03.357Z - info: Authentification OK pour toto2
2014-10-16T20:56:15.831Z - info: Authentification OK pour toto2
2014-10-16T20:58:24.049Z - info: Authentification OK pour toto2
2014-10-16T21:01:04.833Z - info: Authentification OK pour toto2
2014-10-16T21:03:00.018Z - info: Authentification OK pour toto2
2014-10-16T21:07:29.144Z - info: Initialisation du serveur
2014-10-16T21:07:29.182Z - info: require('./app\routes\categorie.js')
2014-10-16T21:07:29.198Z - info: require('./app\routes\club.js')
2014-10-16T21:07:29.213Z - info: require('./app\routes\equipe.js')
2014-10-16T21:07:29.225Z - info: require('./app\routes\membre.js')
2014-10-16T21:07:29.236Z - info: require('./app\routes\type_membre.js')
2014-10-16T21:07:29.262Z - info: Serveur démarré sur le port 8080
2014-10-16T21:07:38.058Z - info: Authentification OK pour toto2
2014-10-16T21:07:39.237Z - info: Authentification OK pour toto2
2014-10-16T21:07:40.348Z - info: Authentification OK pour toto2
2014-10-16T21:07:41.467Z - info: Authentification KO pour toto2
2014-10-16T21:07:42.562Z - info: Authentification OK pour SuperAdmin
2014-10-16T21:07:43.775Z - info: Authentification OK pour AdminClub
2014-10-16T21:07:44.678Z - info: Authentification OK pour AdminCategorie
2014-10-16T21:07:45.455Z - info: Authentification OK pour AdminEquipe
2014-10-16T21:07:46.156Z - info: Authentification OK pour Utilisateur
2014-10-16T21:08:36.934Z - info: Authentification OK pour toto2
2014-10-16T21:08:38.019Z - info: Authentification OK pour toto2
2014-10-16T21:08:39.155Z - info: Authentification OK pour toto2
2014-10-16T21:08:40.268Z - info: Authentification KO pour toto2
2014-10-16T21:08:41.387Z - info: Authentification OK pour SuperAdmin
2014-10-16T21:08:42.500Z - info: Authentification OK pour AdminClub
2014-10-16T21:08:43.581Z - info: Authentification OK pour AdminCategorie
2014-10-16T21:08:44.673Z - info: Authentification OK pour AdminEquipe
2014-10-16T21:08:45.782Z - info: Authentification OK pour Utilisateur
2014-10-16T21:11:33.170Z - info: Authentification OK pour toto2
2014-10-16T21:11:33.957Z - info: Authentification OK pour toto2
2014-10-16T21:11:34.613Z - info: Authentification OK pour toto2
2014-10-16T21:11:35.236Z - info: Authentification KO pour toto2
2014-10-16T21:11:35.947Z - info: Authentification OK pour SuperAdmin
2014-10-16T21:11:37.086Z - info: Authentification OK pour AdminClub
2014-10-16T21:11:38.202Z - info: Authentification OK pour AdminCategorie
2014-10-16T21:11:39.351Z - info: Authentification OK pour AdminEquipe
2014-10-16T21:11:40.457Z - info: Authentification OK pour Utilisateur
